## --------------------------------------------------
Synopsys ISE to Synplify Project Converter, Build 1486R, Feb 25 2013 21:14:31

Run at Jul 17 2020 01:37:41

Command-line arguments:
 -iise F:\PSV0935A\PSV0935A.xise -osynprj F:\PSV0935A\synplify\PSV0935A.prj -prod_type pro -log F:\PSV0935A\synplify\rev_1\ise2syn.log 

@W: WARN: Environment variable XILINX not set! Conversion may not complete correctly.
Working directory: F:\PSV0935A\

Conversion settings: 
 Input project file: F:\PSV0935A\PSV0935A.xise
 Output synplify file: F:\PSV0935A\synplify\PSV0935A.prj
 Log file: F:\PSV0935A\synplify\rev_1\ise2syn.log
 Target product type: pro
 Environment variables: 
  XILINX: 
  XILINX_EDK: 

@I: INFO: Reading conversion template ise2syn.xml
@I: INFO: Reading ISE project file F:\PSV0935A\PSV0935A.xise
@I: INFO: ISE project file read successfully F:\PSV0935A\PSV0935A.xise
@W: WARN: Unable to identify ISE version from ISE installation path 
@W: WARN: Skipping version incompatibility identification!
@I: INFO: Reading ISE project options
@E: ERROR: Unable to locate Xilinx TCL shell! Check if environment variable XILINX points to a valid XILINX installation.

Conversion stopped with error!
